2024-12-03T10:37:15.476Z [INFO]: GET /users/67051779c388a099bf570466 401 - 16ms
2024-12-03T10:37:15.490Z [INFO]: GET /users/67051779c388a099bf570466 401 - 5ms
2024-12-03T10:37:15.551Z [INFO]: POST /users/verify 200 - 9ms
2024-12-03T10:37:15.564Z [INFO]: POST /users/verify 200 - 8ms
2024-12-03T10:37:15.664Z [INFO]: GET /users/67051779c388a099bf570466 304 - 98ms
2024-12-03T10:37:15.745Z [INFO]: GET /users/67051779c388a099bf570466 304 - 71ms
2024-12-03T10:39:04.237Z [INFO]: GET /users/developers 200 - 148ms
2024-12-03T10:39:04.393Z [INFO]: GET /users/developers 304 - 147ms
2024-12-03T10:56:16.470Z [INFO]: POST /users/login 200 - 188ms
2024-12-03T10:56:29.951Z [INFO]: POST /users/plan 200 - 78ms
2024-12-03T10:56:29.956Z [INFO]: POST /users/plan 200 - 73ms
2024-12-03T10:56:29.966Z [INFO]: POST /users/history-subscription 200 - 75ms
2024-12-03T10:56:30.300Z [INFO]: POST /users/history-subscription 200 - 399ms
2024-12-03T10:56:48.416Z [INFO]: POST /users/plan 200 - 62ms
2024-12-03T10:56:48.421Z [INFO]: POST /users/plan 200 - 61ms
2024-12-03T10:56:48.440Z [INFO]: POST /users/history-subscription 200 - 75ms
2024-12-03T10:56:48.448Z [INFO]: POST /users/history-subscription 200 - 78ms
2024-12-03T10:59:48.588Z [INFO]: POST /users/plan 200 - 77ms
2024-12-03T10:59:48.597Z [INFO]: POST /users/plan 200 - 61ms
2024-12-03T10:59:48.655Z [INFO]: POST /users/history-subscription 200 - 113ms
2024-12-03T10:59:48.766Z [INFO]: POST /users/plan 200 - 56ms
2024-12-03T10:59:48.788Z [INFO]: POST /users/plan 200 - 50ms
2024-12-03T10:59:48.800Z [INFO]: POST /users/history-subscription 200 - 57ms
2024-12-03T10:59:49.110Z [INFO]: POST /users/history-subscription 200 - 557ms
2024-12-03T10:59:49.298Z [INFO]: POST /users/history-subscription 200 - 541ms
2024-12-03T11:03:57.101Z [INFO]: POST /users/history-subscription 200 - 50ms
2024-12-03T11:03:57.111Z [INFO]: POST /users/history-subscription 200 - 52ms
2024-12-03T11:03:57.117Z [INFO]: POST /users/plan 200 - 74ms
2024-12-03T11:03:57.123Z [INFO]: POST /users/plan 200 - 88ms
2024-12-03T11:04:04.949Z [INFO]: POST /users/history-subscription 200 - 46ms
2024-12-03T11:04:04.957Z [INFO]: POST /users/history-subscription 200 - 49ms
2024-12-03T11:04:04.962Z [INFO]: POST /users/plan 200 - 67ms
2024-12-03T11:04:04.966Z [INFO]: POST /users/plan 200 - 77ms
2024-12-03T11:04:09.086Z [INFO]: POST /users/remove-subscription 200 - 475ms
2024-12-03T11:04:13.709Z [INFO]: POST /users/remove-subscription 409 - 71ms
2024-12-03T11:04:40.727Z [INFO]: POST /users/remove-subscription 409 - 74ms
2024-12-03T11:05:22.458Z [INFO]: POST /users/remove-subscription 409 - 68ms
2024-12-03T11:06:21.679Z [INFO]: POST /users/remove-subscription 409 - 91ms
2024-12-03T11:06:25.559Z [INFO]: POST /users/plan 200 - 36ms
2024-12-03T11:06:25.574Z [INFO]: POST /users/history-subscription 200 - 44ms
2024-12-03T11:06:25.594Z [INFO]: POST /users/history-subscription 200 - 76ms
2024-12-03T11:06:25.598Z [INFO]: POST /users/plan 200 - 86ms
2024-12-03T11:06:49.404Z [INFO]: POST /users/create-intent 200 - 833ms
2024-12-03T11:06:51.015Z [INFO]: POST /users/update-subscription 200 - 385ms
2024-12-03T11:06:51.133Z [INFO]: POST /users/plan 200 - 52ms
2024-12-03T11:06:51.159Z [INFO]: POST /users/history-subscription 200 - 73ms
2024-12-03T11:06:51.165Z [INFO]: POST /users/history-subscription 200 - 88ms
2024-12-03T11:06:51.171Z [INFO]: POST /users/plan 200 - 102ms
2024-12-03T11:07:12.048Z [INFO]: POST /users/create-intent 200 - 412ms
2024-12-03T11:07:13.564Z [INFO]: POST /users/update-subscription 409 - 77ms
2024-12-03T11:09:42.024Z [INFO]: POST /users/plan 200 - 97ms
2024-12-03T11:09:42.028Z [INFO]: POST /users/plan 200 - 106ms
2024-12-03T11:10:34.622Z [INFO]: POST /users/history-subscription 200 - 41ms
2024-12-03T11:10:34.636Z [INFO]: POST /users/history-subscription 200 - 59ms
2024-12-03T11:10:34.664Z [INFO]: POST /users/plan 200 - 90ms
2024-12-03T11:10:34.670Z [INFO]: POST /users/plan 200 - 101ms
2024-12-03T11:11:34.333Z [INFO]: POST /users/history-subscription 200 - 49ms
2024-12-03T11:11:34.343Z [INFO]: POST /users/history-subscription 200 - 53ms
2024-12-03T11:11:34.351Z [INFO]: POST /users/plan 200 - 72ms
2024-12-03T11:11:34.355Z [INFO]: POST /users/plan 200 - 81ms
2024-12-03T11:12:57.866Z [INFO]: POST /users/plan 200 - 62ms
2024-12-03T11:12:57.869Z [INFO]: POST /users/plan 200 - 69ms
2024-12-03T11:13:26.842Z [INFO]: POST /users/history-subscription 200 - 65ms
2024-12-03T11:13:26.846Z [INFO]: POST /users/plan 200 - 78ms
2024-12-03T11:13:26.849Z [INFO]: POST /users/plan 200 - 86ms
2024-12-03T11:13:26.857Z [INFO]: POST /users/history-subscription 200 - 85ms
2024-12-03T11:14:00.783Z [INFO]: POST /users/plan 200 - 52ms
2024-12-03T11:14:00.799Z [INFO]: POST /users/history-subscription 200 - 37ms
2024-12-03T11:14:00.814Z [INFO]: POST /users/plan 200 - 58ms
2024-12-03T11:14:00.821Z [INFO]: POST /users/history-subscription 200 - 72ms
2024-12-03T11:14:25.844Z [INFO]: POST /users/history-subscription 200 - 59ms
2024-12-03T11:14:25.848Z [INFO]: POST /users/plan 200 - 67ms
2024-12-03T11:14:25.851Z [INFO]: POST /users/plan 200 - 75ms
2024-12-03T11:14:25.859Z [INFO]: POST /users/history-subscription 200 - 69ms
2024-12-03T11:14:34.075Z [INFO]: POST /users/plan 200 - 50ms
2024-12-03T11:14:34.083Z [INFO]: POST /users/history-subscription 200 - 43ms
2024-12-03T11:14:34.095Z [INFO]: POST /users/history-subscription 200 - 60ms
2024-12-03T11:14:34.098Z [INFO]: POST /users/plan 200 - 68ms
2024-12-03T11:15:02.536Z [INFO]: POST /users/history-subscription 200 - 58ms
2024-12-03T11:15:02.539Z [INFO]: POST /users/plan 200 - 64ms
2024-12-03T11:15:02.543Z [INFO]: POST /users/plan 200 - 72ms
2024-12-03T11:15:02.551Z [INFO]: POST /users/history-subscription 200 - 66ms
2024-12-03T11:15:13.921Z [INFO]: POST /users/plan 200 - 46ms
2024-12-03T11:15:13.941Z [INFO]: POST /users/history-subscription 200 - 51ms
2024-12-03T11:15:13.946Z [INFO]: POST /users/plan 200 - 61ms
2024-12-03T11:15:13.958Z [INFO]: POST /users/history-subscription 200 - 78ms
2024-12-03T11:15:17.212Z [INFO]: POST /users/plan 200 - 42ms
2024-12-03T11:15:17.226Z [INFO]: POST /users/history-subscription 200 - 62ms
2024-12-03T11:15:17.229Z [INFO]: POST /users/plan 200 - 75ms
2024-12-03T11:15:17.237Z [INFO]: POST /users/history-subscription 200 - 62ms
2024-12-03T11:15:33.631Z [INFO]: POST /users/plan 200 - 47ms
2024-12-03T11:15:33.672Z [INFO]: POST /users/history-subscription 200 - 72ms
2024-12-03T11:15:33.679Z [INFO]: POST /users/history-subscription 200 - 89ms
2024-12-03T11:15:33.682Z [INFO]: POST /users/plan 200 - 87ms
2024-12-03T11:15:54.149Z [INFO]: POST /users/history-subscription 200 - 53ms
2024-12-03T11:15:54.156Z [INFO]: POST /users/plan 200 - 64ms
2024-12-03T11:15:54.160Z [INFO]: POST /users/plan 200 - 80ms
2024-12-03T11:15:54.167Z [INFO]: POST /users/history-subscription 200 - 81ms
2024-12-03T11:16:03.240Z [INFO]: POST /users/history-subscription 200 - 62ms
2024-12-03T11:16:03.243Z [INFO]: POST /users/plan 200 - 70ms
2024-12-03T11:16:03.248Z [INFO]: POST /users/plan 200 - 79ms
2024-12-03T11:16:03.268Z [INFO]: POST /users/history-subscription 200 - 86ms
2024-12-03T11:16:11.075Z [INFO]: POST /users/plan 200 - 44ms
2024-12-03T11:16:11.088Z [INFO]: POST /users/history-subscription 200 - 43ms
2024-12-03T11:16:11.136Z [INFO]: POST /users/history-subscription 200 - 98ms
2024-12-03T11:16:11.139Z [INFO]: POST /users/plan 200 - 97ms
2024-12-03T11:16:18.010Z [INFO]: POST /users/remove-subscription 200 - 472ms
2024-12-03T11:16:21.652Z [INFO]: POST /users/remove-subscription 409 - 84ms
2024-12-03T11:16:30.071Z [INFO]: POST /users/history-subscription 200 - 67ms
2024-12-03T11:16:30.075Z [INFO]: POST /users/plan 200 - 62ms
2024-12-03T11:16:30.081Z [INFO]: POST /users/history-subscription 200 - 63ms
2024-12-03T11:16:30.114Z [INFO]: POST /users/plan 200 - 106ms
2024-12-03T11:16:31.220Z [INFO]: GET /users/670513cfc388a099bf5703cb 200 - 126ms
2024-12-03T11:16:35.870Z [INFO]: GET /users/670513cfc388a099bf5703cb 304 - 77ms
2024-12-03T11:17:53.627Z [INFO]: POST /users/plan 200 - 50ms
2024-12-03T11:17:53.652Z [INFO]: POST /users/plan 200 - 80ms
2024-12-03T11:17:53.731Z [INFO]: POST /users/plan 200 - 76ms
2024-12-03T11:17:53.769Z [INFO]: POST /users/plan 200 - 111ms
2024-12-03T11:18:18.796Z [INFO]: POST /users/plan 200 - 59ms
2024-12-03T11:18:18.827Z [INFO]: POST /users/history-subscription 200 - 78ms
2024-12-03T11:18:18.836Z [INFO]: POST /users/history-subscription 200 - 82ms
2024-12-03T11:18:18.839Z [INFO]: POST /users/plan 200 - 95ms
2024-12-03T11:18:29.465Z [INFO]: POST /users/history-subscription 200 - 47ms
2024-12-03T11:18:29.475Z [INFO]: POST /users/plan 200 - 65ms
2024-12-03T11:18:29.478Z [INFO]: POST /users/plan 200 - 73ms
2024-12-03T11:18:29.488Z [INFO]: POST /users/history-subscription 200 - 66ms
2024-12-03T11:18:34.602Z [INFO]: GET /users/670513cfc388a099bf5703cb 304 - 49ms
2024-12-03T11:18:46.531Z [INFO]: POST /users/create-intent 200 - 645ms
2024-12-03T11:18:47.973Z [INFO]: POST /users/update-subscription 200 - 267ms
2024-12-03T11:18:48.117Z [INFO]: POST /users/plan 200 - 52ms
2024-12-03T11:18:48.127Z [INFO]: POST /users/history-subscription 200 - 47ms
2024-12-03T11:18:48.136Z [INFO]: POST /users/history-subscription 200 - 61ms
2024-12-03T11:18:48.139Z [INFO]: POST /users/plan 200 - 70ms
2024-12-03T11:18:55.461Z [INFO]: GET /users/670513cfc388a099bf5703cb 200 - 69ms
2024-12-03T11:18:57.774Z [INFO]: GET /users/670513cfc388a099bf5703cb 304 - 64ms
2024-12-03T11:19:03.135Z [INFO]: POST /users/history-subscription 200 - 47ms
2024-12-03T11:19:03.155Z [INFO]: POST /users/history-subscription 200 - 63ms
2024-12-03T11:19:03.158Z [INFO]: POST /users/plan 200 - 75ms
2024-12-03T11:19:03.162Z [INFO]: POST /users/plan 200 - 85ms
2024-12-03T11:27:15.147Z [INFO]: POST /users/login 200 - 169ms
2024-12-03T11:35:06.651Z [INFO]: GET /users/pmanagers 200 - 174ms
2024-12-03T11:35:06.863Z [INFO]: GET /users/pmanagers 304 - 205ms
2024-12-03T11:35:49.525Z [INFO]: GET /users/pmanagers 304 - 134ms
2024-12-03T11:35:49.711Z [INFO]: GET /users/pmanagers 304 - 176ms
2024-12-03T11:44:50.900Z [INFO]: GET /users/pmanagers 304 - 169ms
2024-12-03T11:44:51.078Z [INFO]: GET /users/pmanagers 304 - 171ms
2024-12-03T11:45:28.892Z [INFO]: GET /users/pmanagers 304 - 250ms
2024-12-03T11:45:29.120Z [INFO]: GET /users/pmanagers 304 - 215ms
2024-12-03T11:46:37.827Z [INFO]: POST /users/login 200 - 161ms
2024-12-03T11:46:46.109Z [INFO]: GET /users/pmanagers 304 - 220ms
2024-12-03T11:46:46.302Z [INFO]: GET /users/pmanagers 304 - 185ms
2024-12-03T11:47:27.454Z [INFO]: GET /users/pmanagers 304 - 216ms
2024-12-03T11:47:27.668Z [INFO]: GET /users/pmanagers 304 - 206ms
