2024-12-04T04:04:53.360Z [INFO]: POST /users/login 200 - 806ms
2024-12-04T04:05:20.740Z [INFO]: GET /users/pmanagers 304 - 128ms
2024-12-04T04:05:20.869Z [INFO]: GET /users/pmanagers 304 - 118ms
2024-12-04T04:19:17.014Z [INFO]: GET /users/670515f6c388a099bf570422 200 - 3439ms
2024-12-04T04:19:17.523Z [INFO]: GET /users/670515f6c388a099bf570422 304 - 495ms
2024-12-04T04:19:50.499Z [INFO]: POST /users/upload/image 200 - 1976ms
2024-12-04T04:21:03.443Z [INFO]: GET /users/670515f6c388a099bf570422 304 - 3603ms
2024-12-04T04:21:03.606Z [INFO]: GET /users/670515f6c388a099bf570422 304 - 142ms
2024-12-04T04:21:17.964Z [INFO]: GET /users/670515f6c388a099bf570422 304 - 70ms
2024-12-04T04:21:18.099Z [INFO]: GET /users/670515f6c388a099bf570422 304 - 121ms
2024-12-04T04:27:51.021Z [INFO]: GET /users/pmanagers 304 - 119ms
2024-12-04T04:27:51.197Z [INFO]: GET /users/pmanagers 304 - 163ms
2024-12-04T04:29:16.348Z [INFO]: GET /users/pmanagers 304 - 132ms
2024-12-04T04:29:16.573Z [INFO]: GET /users/pmanagers 304 - 192ms
2024-12-04T04:42:03.404Z [INFO]: GET /users/pmanagers 304 - 141ms
2024-12-04T04:42:03.549Z [INFO]: GET /users/pmanagers 304 - 132ms
2024-12-04T04:43:42.078Z [INFO]: GET /users/pmanagers 304 - 231ms
2024-12-04T04:43:42.220Z [INFO]: GET /users/pmanagers 304 - 133ms
2024-12-04T04:45:04.456Z [INFO]: GET /users/pmanagers 304 - 125ms
2024-12-04T04:45:04.748Z [INFO]: GET /users/pmanagers 304 - 281ms
2024-12-04T04:46:37.678Z [INFO]: GET /users/pmanagers 304 - 161ms
2024-12-04T04:46:37.882Z [INFO]: GET /users/pmanagers 304 - 158ms
2024-12-04T04:48:57.981Z [INFO]: GET /users/pmanagers 304 - 132ms
2024-12-04T04:48:58.113Z [INFO]: GET /users/pmanagers 304 - 115ms
2024-12-04T04:56:09.846Z [INFO]: GET /users/pmanagers 304 - 114ms
2024-12-04T04:56:09.991Z [INFO]: GET /users/pmanagers 304 - 135ms
2024-12-04T04:56:27.628Z [INFO]: GET /users/pmanagers 304 - 122ms
2024-12-04T04:56:27.754Z [INFO]: GET /users/pmanagers 304 - 116ms
2024-12-04T04:56:40.402Z [INFO]: GET /users/pmanagers 304 - 198ms
2024-12-04T04:56:40.712Z [INFO]: GET /users/pmanagers 304 - 302ms
2024-12-04T05:14:36.741Z [INFO]: GET /users/pmanagers 401 - 14ms
2024-12-04T05:14:36.753Z [INFO]: GET /users/pmanagers 401 - 4ms
2024-12-04T05:14:36.852Z [INFO]: POST /users/verify 200 - 52ms
2024-12-04T05:14:36.868Z [INFO]: POST /users/verify 200 - 11ms
2024-12-04T05:14:37.032Z [INFO]: GET /users/pmanagers 304 - 157ms
2024-12-04T05:14:37.151Z [INFO]: GET /users/pmanagers 304 - 110ms
2024-12-04T05:15:05.162Z [INFO]: GET /users/pmanagers 304 - 187ms
2024-12-04T05:15:05.380Z [INFO]: GET /users/pmanagers 304 - 208ms
2024-12-04T05:23:07.794Z [INFO]: GET /users/pmanagers 304 - 163ms
2024-12-04T05:23:07.941Z [INFO]: GET /users/pmanagers 304 - 131ms
2024-12-04T05:23:45.555Z [INFO]: POST /users/upload/image 200 - 131ms
2024-12-04T05:26:13.213Z [INFO]: GET /users/developers 304 - 121ms
2024-12-04T05:26:13.678Z [INFO]: GET /users/developers 304 - 114ms
2024-12-04T05:28:29.600Z [INFO]: GET /users/developers 304 - 124ms
2024-12-04T05:28:29.790Z [INFO]: GET /users/developers 304 - 122ms
2024-12-04T05:32:32.962Z [INFO]: GET /users/developers 304 - 103ms
2024-12-04T05:32:33.109Z [INFO]: GET /users/developers 304 - 139ms
2024-12-04T05:33:25.440Z [INFO]: GET /users/developers 304 - 101ms
2024-12-04T05:33:25.553Z [INFO]: GET /users/developers 304 - 105ms
2024-12-04T05:38:06.758Z [INFO]: GET /users/developers 304 - 163ms
2024-12-04T05:38:06.946Z [INFO]: GET /users/developers 304 - 180ms
2024-12-04T05:38:21.803Z [INFO]: GET /users/developers 304 - 177ms
2024-12-04T05:38:21.976Z [INFO]: GET /users/developers 304 - 135ms
2024-12-04T05:43:57.496Z [INFO]: POST /users/login 200 - 184ms
2024-12-04T05:44:15.438Z [INFO]: GET /users/developers 304 - 192ms
2024-12-04T05:44:15.569Z [INFO]: GET /users/developers 304 - 124ms
2024-12-04T05:44:43.612Z [INFO]: GET /users/developers 304 - 130ms
2024-12-04T05:44:43.730Z [INFO]: GET /users/developers 304 - 106ms
2024-12-04T05:46:31.942Z [INFO]: GET /users/developers 304 - 101ms
2024-12-04T05:46:32.053Z [INFO]: GET /users/developers 304 - 101ms
2024-12-04T05:47:31.559Z [INFO]: GET /users/developers 304 - 102ms
2024-12-04T05:47:31.740Z [INFO]: GET /users/developers 304 - 102ms
2024-12-04T05:48:06.480Z [INFO]: GET /users/developers 304 - 178ms
2024-12-04T05:48:06.635Z [INFO]: GET /users/developers 304 - 147ms
2024-12-04T05:50:09.174Z [INFO]: GET /users/developers 304 - 116ms
2024-12-04T05:50:09.314Z [INFO]: GET /users/developers 304 - 107ms
2024-12-04T05:50:14.782Z [INFO]: GET /users/developers 304 - 101ms
2024-12-04T05:50:15.024Z [INFO]: GET /users/developers 304 - 99ms
2024-12-04T05:51:56.172Z [INFO]: GET /users/developers 304 - 157ms
2024-12-04T05:51:56.298Z [INFO]: GET /users/developers 304 - 104ms
2024-12-04T05:53:55.369Z [INFO]: GET /users/developers 304 - 123ms
2024-12-04T05:53:55.522Z [INFO]: GET /users/developers 304 - 139ms
2024-12-04T05:54:35.406Z [INFO]: GET /users/developers 304 - 102ms
2024-12-04T05:54:35.547Z [INFO]: GET /users/developers 304 - 131ms
2024-12-04T05:56:17.252Z [INFO]: POST /users/login 200 - 142ms
2024-12-04T05:56:25.804Z [INFO]: GET /users/developers 304 - 132ms
2024-12-04T05:56:25.922Z [INFO]: GET /users/developers 304 - 110ms
2024-12-04T06:25:47.940Z [INFO]: GET /users/developers 304 - 468ms
2024-12-04T06:25:48.123Z [INFO]: GET /users/developers 304 - 122ms
2024-12-04T06:26:40.759Z [INFO]: GET /users/developers 304 - 171ms
2024-12-04T06:26:40.903Z [INFO]: GET /users/developers 304 - 134ms
2024-12-04T06:27:07.557Z [INFO]: GET /users/developers 304 - 131ms
2024-12-04T06:27:07.708Z [INFO]: GET /users/developers 304 - 142ms
2024-12-04T06:27:29.824Z [INFO]: GET /users/developers 304 - 137ms
2024-12-04T06:27:29.960Z [INFO]: GET /users/developers 304 - 125ms
2024-12-04T06:28:02.845Z [INFO]: GET /users/developers 304 - 128ms
2024-12-04T06:28:02.971Z [INFO]: GET /users/developers 304 - 115ms
2024-12-04T06:28:59.412Z [INFO]: GET /users/developers 304 - 137ms
2024-12-04T06:28:59.541Z [INFO]: GET /users/developers 304 - 118ms
2024-12-04T06:46:44.081Z [INFO]: POST /users/login 200 - 248ms
2024-12-04T06:48:31.255Z [INFO]: POST /users/login 200 - 165ms
2024-12-04T06:51:54.753Z [INFO]: GET /users/developers 304 - 119ms
2024-12-04T06:51:54.870Z [INFO]: GET /users/developers 304 - 106ms
2024-12-04T06:52:13.671Z [INFO]: POST /users/login 200 - 158ms
2024-12-04T06:52:26.446Z [INFO]: GET /users/developers 304 - 143ms
2024-12-04T06:52:26.565Z [INFO]: GET /users/developers 304 - 110ms
2024-12-04T06:55:42.723Z [INFO]: GET /users/developers 304 - 130ms
2024-12-04T06:55:42.861Z [INFO]: GET /users/developers 304 - 125ms
2024-12-04T06:56:19.712Z [INFO]: GET /users/developers 304 - 123ms
2024-12-04T06:56:19.865Z [INFO]: GET /users/developers 304 - 145ms
2024-12-04T07:33:39.296Z [INFO]: GET /users/developers 304 - 147ms
2024-12-04T07:33:39.478Z [INFO]: GET /users/developers 304 - 172ms
2024-12-04T10:38:10.754Z [INFO]: POST /users/login 200 - 653ms
2024-12-04T10:39:00.775Z [INFO]: GET /users/developers 304 - 130ms
2024-12-04T10:39:01.332Z [INFO]: GET /users/developers 304 - 100ms
2024-12-04T10:44:02.301Z [INFO]: GET /users/developers 304 - 143ms
2024-12-04T10:44:02.733Z [INFO]: GET /users/developers 304 - 122ms
2024-12-04T10:47:44.619Z [INFO]: GET /users/developers 304 - 106ms
2024-12-04T10:47:44.737Z [INFO]: GET /users/developers 304 - 110ms
2024-12-04T11:08:46.581Z [INFO]: GET /users/developers 304 - 156ms
2024-12-04T11:08:46.998Z [INFO]: GET /users/developers 304 - 186ms
2024-12-04T11:11:17.383Z [INFO]: GET /users/ 200 - 244ms
2024-12-04T11:11:17.580Z [INFO]: GET /users/ 304 - 187ms
2024-12-04T11:18:27.514Z [INFO]: POST /users/login 200 - 161ms
2024-12-04T11:23:31.815Z [INFO]: GET /users/developers 304 - 199ms
2024-12-04T11:23:32.580Z [INFO]: GET /users/developers 304 - 486ms
2024-12-04T11:32:26.394Z [INFO]: GET /users/developers 304 - 240ms
2024-12-04T11:32:26.524Z [INFO]: GET /users/developers 304 - 121ms
2024-12-04T11:35:06.607Z [INFO]: GET /users/developers 304 - 422ms
2024-12-04T11:35:06.858Z [INFO]: GET /users/developers 304 - 242ms
2024-12-04T11:36:30.590Z [INFO]: GET /users/developers 304 - 144ms
2024-12-04T11:36:30.766Z [INFO]: GET /users/developers 304 - 167ms
2024-12-04T11:50:09.929Z [INFO]: POST /users/verify 200 - 9ms
2024-12-04T11:50:28.376Z [INFO]: POST /users/login 200 - 185ms
2024-12-04T11:52:55.259Z [INFO]: GET /users/ 304 - 281ms
2024-12-04T11:52:55.500Z [INFO]: GET /users/ 304 - 227ms
2024-12-04T11:53:30.281Z [INFO]: POST /users/invite 201 - 253ms
2024-12-04T11:53:32.588Z [INFO]: GET /users/ 200 - 237ms
2024-12-04T11:53:32.909Z [INFO]: GET /users/ 304 - 313ms
2024-12-04T11:55:33.416Z [INFO]: POST /users/setup-password 500 - 522ms
2024-12-04T11:55:39.988Z [INFO]: GET /users/ 200 - 265ms
2024-12-04T11:55:40.312Z [INFO]: GET /users/ 304 - 315ms
2024-12-04T11:56:04.117Z [INFO]: POST /users/login 200 - 181ms
2024-12-04T11:56:20.614Z [INFO]: GET /users/developers 200 - 175ms
2024-12-04T11:56:20.858Z [INFO]: GET /users/developers 304 - 237ms
