2024-12-04T04:05:07.412Z [INFO]: GET /projects/ 201 - 141ms
2024-12-04T04:05:07.546Z [INFO]: GET /projects/ 201 - 123ms
2024-12-04T04:05:07.636Z [INFO]: POST /projects/tasks 200 - 141ms
2024-12-04T04:05:07.683Z [INFO]: GET /projects/ 201 - 106ms
2024-12-04T04:05:07.844Z [INFO]: POST /projects/tasks 200 - 156ms
2024-12-04T04:05:07.868Z [INFO]: POST /projects/tasks 200 - 166ms
2024-12-04T04:05:07.989Z [INFO]: POST /projects/tasks 200 - 116ms
2024-12-04T04:05:08.022Z [INFO]: POST /projects/tasks 200 - 128ms
2024-12-04T04:05:08.164Z [INFO]: POST /projects/tasks 200 - 138ms
2024-12-04T04:05:08.186Z [INFO]: POST /projects/tasks 200 - 149ms
2024-12-04T04:05:08.299Z [INFO]: POST /projects/tasks 200 - 107ms
2024-12-04T04:05:08.321Z [INFO]: POST /projects/tasks 200 - 117ms
2024-12-04T04:05:08.436Z [INFO]: POST /projects/tasks 200 - 112ms
2024-12-04T04:05:08.463Z [INFO]: POST /projects/tasks 200 - 127ms
2024-12-04T04:05:08.588Z [INFO]: POST /projects/tasks 200 - 121ms
2024-12-04T04:05:08.615Z [INFO]: POST /projects/tasks 200 - 135ms
2024-12-04T04:05:08.754Z [INFO]: POST /projects/tasks 200 - 122ms
2024-12-04T04:05:14.337Z [INFO]: GET /projects/ 201 - 83ms
2024-12-04T04:05:14.434Z [INFO]: GET /projects/ 201 - 88ms
2024-12-04T04:06:21.569Z [INFO]: POST /projects/tasks 500 - 73968ms
2024-12-04T04:27:48.442Z [INFO]: GET /projects/ 201 - 102ms
2024-12-04T04:27:48.548Z [INFO]: GET /projects/ 201 - 96ms
2024-12-04T05:23:46.807Z [INFO]: POST /projects/ 201 - 292ms
2024-12-04T05:23:48.811Z [INFO]: GET /projects/ 201 - 90ms
2024-12-04T05:23:48.929Z [INFO]: GET /projects/ 201 - 109ms
2024-12-04T05:26:12.879Z [INFO]: POST /projects/tasks 200 - 133ms
2024-12-04T05:26:13.074Z [INFO]: POST /projects/getProject 200 - 307ms
2024-12-04T05:26:13.449Z [INFO]: POST /projects/tasks 200 - 584ms
2024-12-04T05:26:13.547Z [INFO]: POST /projects/getProject 200 - 703ms
2024-12-04T05:28:29.377Z [INFO]: POST /projects/tasks 200 - 50ms
2024-12-04T05:28:29.389Z [INFO]: POST /projects/tasks 200 - 50ms
2024-12-04T05:28:29.425Z [INFO]: POST /projects/getProject 200 - 122ms
2024-12-04T05:28:29.445Z [INFO]: POST /projects/getProject 200 - 124ms
2024-12-04T05:32:32.644Z [INFO]: POST /projects/tasks 200 - 56ms
2024-12-04T05:32:32.648Z [INFO]: POST /projects/tasks 200 - 73ms
2024-12-04T05:32:32.692Z [INFO]: POST /projects/getProject 200 - 107ms
2024-12-04T05:32:32.710Z [INFO]: POST /projects/getProject 200 - 139ms
2024-12-04T05:33:25.059Z [INFO]: POST /projects/tasks 200 - 49ms
2024-12-04T05:33:25.062Z [INFO]: POST /projects/tasks 200 - 65ms
2024-12-04T05:33:25.092Z [INFO]: POST /projects/getProject 200 - 99ms
2024-12-04T05:33:25.100Z [INFO]: POST /projects/getProject 200 - 116ms
2024-12-04T05:38:06.425Z [INFO]: POST /projects/tasks 200 - 57ms
2024-12-04T05:38:06.461Z [INFO]: POST /projects/tasks 200 - 60ms
2024-12-04T05:38:06.542Z [INFO]: POST /projects/getProject 200 - 179ms
2024-12-04T05:38:06.573Z [INFO]: POST /projects/getProject 200 - 192ms
2024-12-04T05:38:21.383Z [INFO]: POST /projects/tasks 200 - 62ms
2024-12-04T05:38:21.473Z [INFO]: POST /projects/tasks 200 - 166ms
2024-12-04T05:38:21.588Z [INFO]: POST /projects/getProject 200 - 285ms
2024-12-04T05:38:21.668Z [INFO]: POST /projects/getProject 200 - 332ms
2024-12-04T05:44:08.857Z [INFO]: GET /projects/ 201 - 90ms
2024-12-04T05:44:08.989Z [INFO]: GET /projects/ 201 - 114ms
2024-12-04T05:44:09.091Z [INFO]: GET /projects/ 201 - 80ms
2024-12-04T05:44:09.113Z [INFO]: POST /projects/tasks 200 - 224ms
2024-12-04T05:44:09.182Z [INFO]: POST /projects/tasks 200 - 157ms
2024-12-04T05:44:09.289Z [INFO]: POST /projects/tasks 200 - 168ms
2024-12-04T05:44:09.321Z [INFO]: POST /projects/tasks 200 - 184ms
2024-12-04T05:44:09.351Z [INFO]: POST /projects/tasks 200 - 154ms
2024-12-04T05:44:09.503Z [INFO]: POST /projects/tasks 200 - 130ms
2024-12-04T05:44:09.538Z [INFO]: POST /projects/tasks 200 - 185ms
2024-12-04T05:44:09.650Z [INFO]: POST /projects/tasks 200 - 268ms
2024-12-04T05:44:09.744Z [INFO]: POST /projects/tasks 200 - 175ms
2024-12-04T05:44:09.846Z [INFO]: POST /projects/tasks 200 - 151ms
2024-12-04T05:44:09.919Z [INFO]: POST /projects/tasks 200 - 136ms
2024-12-04T05:44:09.992Z [INFO]: POST /projects/tasks 200 - 452ms
2024-12-04T05:44:10.012Z [INFO]: POST /projects/tasks 200 - 147ms
2024-12-04T05:44:10.095Z [INFO]: POST /projects/tasks 200 - 159ms
2024-12-04T05:44:10.170Z [INFO]: POST /projects/tasks 200 - 150ms
2024-12-04T05:44:10.180Z [INFO]: POST /projects/tasks 200 - 136ms
2024-12-04T05:44:10.236Z [INFO]: POST /projects/tasks 200 - 121ms
2024-12-04T05:44:10.323Z [INFO]: POST /projects/tasks 200 - 134ms
2024-12-04T05:44:10.343Z [INFO]: POST /projects/tasks 200 - 135ms
2024-12-04T05:44:10.370Z [INFO]: POST /projects/tasks 200 - 118ms
2024-12-04T05:44:10.423Z [INFO]: POST /projects/tasks 200 - 50ms
2024-12-04T05:44:10.450Z [INFO]: POST /projects/tasks 200 - 57ms
2024-12-04T05:44:10.473Z [INFO]: POST /projects/tasks 200 - 126ms
2024-12-04T05:44:10.554Z [INFO]: POST /projects/tasks 200 - 57ms
2024-12-04T05:44:11.006Z [INFO]: GET /projects/ 201 - 94ms
2024-12-04T05:44:11.119Z [INFO]: GET /projects/ 201 - 86ms
2024-12-04T05:44:15.164Z [INFO]: POST /projects/tasks 200 - 224ms
2024-12-04T05:44:15.168Z [INFO]: POST /projects/tasks 200 - 219ms
2024-12-04T05:44:15.216Z [INFO]: POST /projects/getProject 200 - 309ms
2024-12-04T05:44:15.227Z [INFO]: POST /projects/getProject 200 - 302ms
2024-12-04T05:44:24.257Z [INFO]: POST /projects/getProject 500 - 15ms
2024-12-04T05:44:24.268Z [INFO]: POST /projects/tasks 500 - 7ms
2024-12-04T05:44:24.275Z [INFO]: POST /projects/getProject 500 - 5ms
2024-12-04T05:44:24.292Z [INFO]: POST /projects/tasks 500 - 13ms
2024-12-04T05:44:43.373Z [INFO]: POST /projects/tasks 200 - 81ms
2024-12-04T05:44:43.438Z [INFO]: POST /projects/getProject 200 - 160ms
2024-12-04T05:44:43.476Z [INFO]: POST /projects/tasks 200 - 151ms
2024-12-04T05:44:43.550Z [INFO]: POST /projects/getProject 200 - 231ms
2024-12-04T05:46:31.702Z [INFO]: POST /projects/tasks 200 - 54ms
2024-12-04T05:46:31.727Z [INFO]: POST /projects/getProject 200 - 83ms
2024-12-04T05:46:31.752Z [INFO]: POST /projects/tasks 200 - 59ms
2024-12-04T05:46:31.793Z [INFO]: POST /projects/getProject 200 - 103ms
2024-12-04T05:47:31.362Z [INFO]: POST /projects/tasks 200 - 61ms
2024-12-04T05:47:31.370Z [INFO]: POST /projects/tasks 200 - 51ms
2024-12-04T05:47:31.431Z [INFO]: POST /projects/getProject 200 - 138ms
2024-12-04T05:47:31.440Z [INFO]: POST /projects/getProject 200 - 143ms
2024-12-04T05:47:37.064Z [INFO]: POST /projects/tasks 500 - 9ms
2024-12-04T05:47:37.075Z [INFO]: POST /projects/getProject 500 - 5ms
2024-12-04T05:47:37.083Z [INFO]: POST /projects/getProject 500 - 5ms
2024-12-04T05:47:37.095Z [INFO]: POST /projects/tasks 500 - 10ms
2024-12-04T05:48:01.682Z [INFO]: GET /projects/ 201 - 84ms
2024-12-04T05:48:01.786Z [INFO]: GET /projects/ 201 - 94ms
2024-12-04T05:48:06.196Z [INFO]: POST /projects/tasks 200 - 102ms
2024-12-04T05:48:06.209Z [INFO]: POST /projects/tasks 200 - 129ms
2024-12-04T05:48:06.275Z [INFO]: POST /projects/getProject 200 - 185ms
2024-12-04T05:48:06.287Z [INFO]: POST /projects/getProject 200 - 213ms
2024-12-04T05:48:13.489Z [INFO]: POST /projects/getProject 500 - 4ms
2024-12-04T05:48:13.497Z [INFO]: POST /projects/getProject 500 - 5ms
2024-12-04T05:48:13.514Z [INFO]: POST /projects/tasks 500 - 14ms
2024-12-04T05:48:13.532Z [INFO]: POST /projects/tasks 500 - 14ms
2024-12-04T05:50:08.972Z [INFO]: POST /projects/tasks 200 - 54ms
2024-12-04T05:50:08.992Z [INFO]: POST /projects/tasks 200 - 53ms
2024-12-04T05:50:09.024Z [INFO]: POST /projects/getProject 200 - 111ms
2024-12-04T05:50:09.044Z [INFO]: POST /projects/getProject 200 - 112ms
2024-12-04T05:50:14.594Z [INFO]: POST /projects/tasks 200 - 53ms
2024-12-04T05:50:14.614Z [INFO]: POST /projects/tasks 200 - 58ms
2024-12-04T05:50:14.640Z [INFO]: POST /projects/getProject 200 - 110ms
2024-12-04T05:50:14.659Z [INFO]: POST /projects/getProject 200 - 125ms
2024-12-04T05:50:27.291Z [INFO]: GET /projects/ 201 - 112ms
2024-12-04T05:50:27.385Z [INFO]: GET /projects/ 201 - 83ms
2024-12-04T05:51:55.953Z [INFO]: POST /projects/tasks 200 - 47ms
2024-12-04T05:51:55.961Z [INFO]: POST /projects/tasks 200 - 66ms
2024-12-04T05:51:55.992Z [INFO]: POST /projects/getProject 200 - 106ms
2024-12-04T05:51:56.001Z [INFO]: POST /projects/getProject 200 - 98ms
2024-12-04T05:53:55.193Z [INFO]: POST /projects/tasks 200 - 66ms
2024-12-04T05:53:55.203Z [INFO]: POST /projects/tasks 200 - 93ms
2024-12-04T05:53:55.225Z [INFO]: POST /projects/getProject 200 - 126ms
2024-12-04T05:53:55.277Z [INFO]: POST /projects/getProject 200 - 172ms
2024-12-04T05:54:35.218Z [INFO]: POST /projects/tasks 200 - 50ms
2024-12-04T05:54:35.229Z [INFO]: POST /projects/tasks 200 - 48ms
2024-12-04T05:54:35.282Z [INFO]: POST /projects/getProject 200 - 118ms
2024-12-04T05:54:35.321Z [INFO]: POST /projects/getProject 200 - 143ms
2024-12-04T05:56:19.093Z [INFO]: GET /projects/ 201 - 87ms
2024-12-04T05:56:19.225Z [INFO]: GET /projects/ 201 - 95ms
2024-12-04T05:56:19.308Z [INFO]: POST /projects/tasks 200 - 164ms
2024-12-04T05:56:19.336Z [INFO]: GET /projects/ 201 - 100ms
2024-12-04T05:56:19.397Z [INFO]: POST /projects/tasks 200 - 146ms
2024-12-04T05:56:19.485Z [INFO]: POST /projects/tasks 200 - 139ms
2024-12-04T05:56:19.507Z [INFO]: POST /projects/tasks 200 - 137ms
2024-12-04T05:56:19.536Z [INFO]: POST /projects/tasks 200 - 125ms
2024-12-04T05:56:19.656Z [INFO]: POST /projects/tasks 200 - 116ms
2024-12-04T05:56:19.681Z [INFO]: POST /projects/tasks 200 - 131ms
2024-12-04T05:56:19.700Z [INFO]: POST /projects/tasks 200 - 136ms
2024-12-04T05:56:19.828Z [INFO]: POST /projects/tasks 200 - 125ms
2024-12-04T05:56:19.850Z [INFO]: POST /projects/tasks 200 - 136ms
2024-12-04T05:56:19.876Z [INFO]: POST /projects/tasks 200 - 142ms
2024-12-04T05:56:19.990Z [INFO]: POST /projects/tasks 200 - 110ms
2024-12-04T05:56:20.021Z [INFO]: POST /projects/tasks 200 - 128ms
2024-12-04T05:56:20.039Z [INFO]: POST /projects/tasks 200 - 134ms
2024-12-04T05:56:20.167Z [INFO]: POST /projects/tasks 200 - 125ms
2024-12-04T05:56:20.183Z [INFO]: POST /projects/tasks 200 - 124ms
2024-12-04T05:56:20.210Z [INFO]: POST /projects/tasks 200 - 127ms
2024-12-04T05:56:20.314Z [INFO]: POST /projects/tasks 200 - 128ms
2024-12-04T05:56:20.324Z [INFO]: POST /projects/tasks 200 - 110ms
2024-12-04T05:56:20.374Z [INFO]: POST /projects/tasks 200 - 138ms
2024-12-04T05:56:20.378Z [INFO]: POST /projects/tasks 200 - 49ms
2024-12-04T05:56:20.440Z [INFO]: POST /projects/tasks 200 - 50ms
2024-12-04T05:56:20.465Z [INFO]: POST /projects/tasks 200 - 118ms
2024-12-04T05:56:20.578Z [INFO]: POST /projects/tasks 200 - 62ms
2024-12-04T05:56:21.071Z [INFO]: GET /projects/ 201 - 94ms
2024-12-04T05:56:21.195Z [INFO]: GET /projects/ 201 - 113ms
2024-12-04T05:56:25.533Z [INFO]: POST /projects/tasks 200 - 60ms
2024-12-04T05:56:25.545Z [INFO]: POST /projects/tasks 200 - 58ms
2024-12-04T05:56:25.648Z [INFO]: POST /projects/getProject 200 - 179ms
2024-12-04T05:56:25.657Z [INFO]: POST /projects/getProject 200 - 174ms
2024-12-04T06:00:00.804Z [INFO]: GET /projects/ 201 - 104ms
2024-12-04T06:00:00.912Z [INFO]: GET /projects/ 201 - 99ms
2024-12-04T06:25:47.387Z [INFO]: POST /projects/tasks 200 - 437ms
2024-12-04T06:25:47.459Z [INFO]: POST /projects/getProject 200 - 515ms
2024-12-04T06:25:47.766Z [INFO]: POST /projects/tasks 200 - 803ms
2024-12-04T06:25:47.989Z [INFO]: POST /projects/getProject 200 - 1018ms
2024-12-04T06:26:40.438Z [INFO]: POST /projects/tasks 200 - 69ms
2024-12-04T06:26:40.447Z [INFO]: POST /projects/tasks 200 - 68ms
2024-12-04T06:26:40.571Z [INFO]: POST /projects/getProject 200 - 221ms
2024-12-04T06:26:40.579Z [INFO]: POST /projects/getProject 200 - 213ms
2024-12-04T06:27:05.320Z [INFO]: GET /projects/ 201 - 105ms
2024-12-04T06:27:05.418Z [INFO]: GET /projects/ 201 - 85ms
2024-12-04T06:27:07.371Z [INFO]: POST /projects/tasks 200 - 61ms
2024-12-04T06:27:07.381Z [INFO]: POST /projects/tasks 200 - 63ms
2024-12-04T06:27:07.413Z [INFO]: POST /projects/getProject 200 - 107ms
2024-12-04T06:27:07.447Z [INFO]: POST /projects/getProject 200 - 131ms
2024-12-04T06:27:29.617Z [INFO]: POST /projects/tasks 200 - 70ms
2024-12-04T06:27:29.621Z [INFO]: POST /projects/tasks 200 - 82ms
2024-12-04T06:27:29.670Z [INFO]: POST /projects/getProject 200 - 153ms
2024-12-04T06:27:29.678Z [INFO]: POST /projects/getProject 200 - 146ms
2024-12-04T06:28:00.510Z [INFO]: GET /projects/ 201 - 238ms
2024-12-04T06:28:00.615Z [INFO]: GET /projects/ 201 - 96ms
2024-12-04T06:28:02.667Z [INFO]: POST /projects/tasks 200 - 75ms
2024-12-04T06:28:02.670Z [INFO]: POST /projects/tasks 200 - 70ms
2024-12-04T06:28:02.700Z [INFO]: POST /projects/getProject 200 - 116ms
2024-12-04T06:28:02.709Z [INFO]: POST /projects/getProject 200 - 122ms
2024-12-04T06:28:54.296Z [INFO]: GET /projects/ 201 - 96ms
2024-12-04T06:28:54.394Z [INFO]: GET /projects/ 201 - 91ms
2024-12-04T06:28:58.651Z [INFO]: POST /projects/tasks 200 - 150ms
2024-12-04T06:28:58.683Z [INFO]: POST /projects/tasks 200 - 172ms
2024-12-04T06:28:59.145Z [INFO]: POST /projects/getProject 200 - 659ms
2024-12-04T06:28:59.159Z [INFO]: POST /projects/getProject 200 - 666ms
2024-12-04T06:29:18.733Z [INFO]: GET /projects/ 201 - 89ms
2024-12-04T06:29:18.833Z [INFO]: GET /projects/ 201 - 94ms
2024-12-04T06:36:00.572Z [INFO]: GET /projects/ 201 - 117ms
2024-12-04T06:36:00.734Z [INFO]: GET /projects/ 201 - 155ms
2024-12-04T06:36:39.396Z [INFO]: GET /projects/ 201 - 130ms
2024-12-04T06:36:39.490Z [INFO]: GET /projects/ 201 - 84ms
2024-12-04T06:37:19.527Z [INFO]: GET /projects/ 201 - 142ms
2024-12-04T06:37:19.810Z [INFO]: GET /projects/ 201 - 276ms
2024-12-04T06:38:11.327Z [INFO]: GET /projects/ 201 - 117ms
2024-12-04T06:38:11.425Z [INFO]: GET /projects/ 201 - 89ms
2024-12-04T06:39:01.058Z [INFO]: GET /projects/ 201 - 97ms
2024-12-04T06:39:01.166Z [INFO]: GET /projects/ 201 - 98ms
2024-12-04T06:39:12.032Z [INFO]: GET /projects/ 201 - 92ms
2024-12-04T06:39:12.124Z [INFO]: GET /projects/ 201 - 83ms
2024-12-04T06:39:33.448Z [INFO]: GET /projects/ 201 - 82ms
2024-12-04T06:39:33.533Z [INFO]: GET /projects/ 201 - 78ms
2024-12-04T06:39:38.235Z [INFO]: GET /projects/ 201 - 84ms
2024-12-04T06:39:38.328Z [INFO]: GET /projects/ 201 - 84ms
2024-12-04T06:39:47.494Z [INFO]: GET /projects/ 201 - 295ms
2024-12-04T06:39:47.654Z [INFO]: GET /projects/ 201 - 153ms
2024-12-04T06:40:02.153Z [INFO]: GET /projects/ 201 - 91ms
2024-12-04T06:40:02.248Z [INFO]: GET /projects/ 201 - 82ms
2024-12-04T06:41:58.610Z [INFO]: GET /projects/ 201 - 106ms
2024-12-04T06:41:58.736Z [INFO]: GET /projects/ 201 - 118ms
2024-12-04T06:43:33.245Z [INFO]: GET /projects/ 201 - 87ms
2024-12-04T06:43:33.357Z [INFO]: GET /projects/ 201 - 78ms
2024-12-04T06:43:44.014Z [INFO]: GET /projects/ 201 - 126ms
2024-12-04T06:43:44.342Z [INFO]: GET /projects/ 201 - 320ms
2024-12-04T06:44:37.368Z [INFO]: GET /projects/ 201 - 101ms
2024-12-04T06:44:37.472Z [INFO]: GET /projects/ 201 - 98ms
2024-12-04T06:45:22.912Z [INFO]: GET /projects/ 201 - 142ms
2024-12-04T06:45:23.069Z [INFO]: GET /projects/ 201 - 147ms
2024-12-04T06:45:29.343Z [INFO]: GET /projects/ 201 - 99ms
2024-12-04T06:45:29.446Z [INFO]: GET /projects/ 201 - 83ms
2024-12-04T06:45:56.529Z [INFO]: GET /projects/ 201 - 88ms
2024-12-04T06:45:56.623Z [INFO]: GET /projects/ 201 - 85ms
2024-12-04T06:46:52.813Z [INFO]: GET /projects/forPM 201 - 78ms
2024-12-04T06:46:52.897Z [INFO]: GET /projects/forPM 201 - 75ms
2024-12-04T06:46:52.972Z [INFO]: POST /projects/tasks 200 - 140ms
2024-12-04T06:46:52.988Z [INFO]: GET /projects/forPM 201 - 80ms
2024-12-04T06:46:53.052Z [INFO]: POST /projects/tasks 200 - 133ms
2024-12-04T06:46:53.126Z [INFO]: POST /projects/tasks 200 - 132ms
2024-12-04T06:46:53.164Z [INFO]: POST /projects/tasks 200 - 147ms
2024-12-04T06:46:53.200Z [INFO]: POST /projects/tasks 200 - 136ms
2024-12-04T06:46:53.276Z [INFO]: POST /projects/tasks 200 - 138ms
2024-12-04T06:46:53.313Z [INFO]: POST /projects/tasks 200 - 137ms
2024-12-04T06:46:53.348Z [INFO]: POST /projects/tasks 200 - 138ms
2024-12-04T06:46:53.462Z [INFO]: POST /projects/tasks 200 - 135ms
2024-12-04T06:46:53.471Z [INFO]: POST /projects/tasks 200 - 184ms
2024-12-04T06:46:53.489Z [INFO]: POST /projects/tasks 200 - 128ms
2024-12-04T06:46:53.590Z [INFO]: POST /projects/tasks 200 - 115ms
2024-12-04T06:46:53.614Z [INFO]: POST /projects/tasks 200 - 122ms
2024-12-04T06:46:53.623Z [INFO]: POST /projects/tasks 200 - 116ms
2024-12-04T06:46:53.741Z [INFO]: POST /projects/tasks 200 - 140ms
2024-12-04T06:47:00.455Z [INFO]: GET /projects/forPM 201 - 82ms
2024-12-04T06:47:00.561Z [INFO]: GET /projects/forPM 201 - 76ms
2024-12-04T06:47:42.841Z [INFO]: GET /projects/forPM 201 - 89ms
2024-12-04T06:47:42.962Z [INFO]: GET /projects/forPM 201 - 113ms
2024-12-04T06:48:41.600Z [INFO]: GET /projects/tasks/dev 200 - 271ms
2024-12-04T06:48:41.789Z [INFO]: GET /projects/tasks/dev 304 - 182ms
2024-12-04T06:48:47.589Z [INFO]: GET /projects/forDev 201 - 89ms
2024-12-04T06:48:47.675Z [INFO]: GET /projects/forDev 201 - 79ms
2024-12-04T06:49:43.428Z [INFO]: GET /projects/forDev 201 - 86ms
2024-12-04T06:49:43.540Z [INFO]: GET /projects/forDev 201 - 100ms
2024-12-04T06:50:15.122Z [INFO]: GET /projects/forDev 201 - 140ms
2024-12-04T06:50:15.235Z [INFO]: GET /projects/forDev 201 - 96ms
2024-12-04T06:51:54.615Z [INFO]: POST /projects/getProject 200 - 133ms
2024-12-04T06:51:54.634Z [INFO]: POST /projects/tasks 200 - 144ms
2024-12-04T06:51:54.652Z [INFO]: POST /projects/tasks 200 - 154ms
2024-12-04T06:51:54.665Z [INFO]: POST /projects/getProject 200 - 159ms
2024-12-04T06:52:16.890Z [INFO]: GET /projects/ 201 - 88ms
2024-12-04T06:52:16.987Z [INFO]: GET /projects/ 201 - 90ms
2024-12-04T06:52:17.059Z [INFO]: POST /projects/tasks 200 - 151ms
2024-12-04T06:52:17.083Z [INFO]: GET /projects/ 201 - 87ms
2024-12-04T06:52:17.147Z [INFO]: POST /projects/tasks 200 - 140ms
2024-12-04T06:52:17.215Z [INFO]: POST /projects/tasks 200 - 124ms
2024-12-04T06:52:17.238Z [INFO]: POST /projects/tasks 200 - 139ms
2024-12-04T06:52:17.291Z [INFO]: POST /projects/tasks 200 - 133ms
2024-12-04T06:52:17.357Z [INFO]: POST /projects/tasks 200 - 116ms
2024-12-04T06:52:17.381Z [INFO]: POST /projects/tasks 200 - 130ms
2024-12-04T06:52:17.421Z [INFO]: POST /projects/tasks 200 - 117ms
2024-12-04T06:52:17.504Z [INFO]: POST /projects/tasks 200 - 117ms
2024-12-04T06:52:17.518Z [INFO]: POST /projects/tasks 200 - 121ms
2024-12-04T06:52:17.557Z [INFO]: POST /projects/tasks 200 - 125ms
2024-12-04T06:52:17.649Z [INFO]: POST /projects/tasks 200 - 128ms
2024-12-04T06:52:17.661Z [INFO]: POST /projects/tasks 200 - 124ms
2024-12-04T06:52:17.702Z [INFO]: POST /projects/tasks 200 - 134ms
2024-12-04T06:52:17.790Z [INFO]: POST /projects/tasks 200 - 126ms
2024-12-04T06:52:17.808Z [INFO]: POST /projects/tasks 200 - 126ms
2024-12-04T06:52:17.832Z [INFO]: POST /projects/tasks 200 - 120ms
2024-12-04T06:52:17.922Z [INFO]: POST /projects/tasks 200 - 111ms
2024-12-04T06:52:17.958Z [INFO]: POST /projects/tasks 200 - 123ms
2024-12-04T06:52:17.970Z [INFO]: POST /projects/tasks 200 - 125ms
2024-12-04T06:52:17.992Z [INFO]: POST /projects/tasks 200 - 59ms
2024-12-04T06:52:18.042Z [INFO]: POST /projects/tasks 200 - 59ms
2024-12-04T06:52:18.097Z [INFO]: POST /projects/tasks 200 - 125ms
2024-12-04T06:52:18.177Z [INFO]: POST /projects/tasks 200 - 69ms
2024-12-04T06:52:21.727Z [INFO]: GET /projects/ 201 - 98ms
2024-12-04T06:52:21.824Z [INFO]: GET /projects/ 201 - 86ms
2024-12-04T06:52:26.285Z [INFO]: POST /projects/getProject 200 - 148ms
2024-12-04T06:52:26.309Z [INFO]: POST /projects/tasks 200 - 166ms
2024-12-04T06:52:26.330Z [INFO]: POST /projects/tasks 200 - 177ms
2024-12-04T06:52:26.346Z [INFO]: POST /projects/getProject 200 - 184ms
2024-12-04T06:55:42.352Z [INFO]: POST /projects/getProject 200 - 201ms
2024-12-04T06:55:42.367Z [INFO]: POST /projects/getProject 200 - 208ms
2024-12-04T06:55:42.388Z [INFO]: POST /projects/tasks 200 - 226ms
2024-12-04T06:55:42.422Z [INFO]: POST /projects/tasks 200 - 252ms
2024-12-04T06:56:19.562Z [INFO]: POST /projects/getProject 200 - 143ms
2024-12-04T06:56:19.593Z [INFO]: POST /projects/tasks 200 - 172ms
2024-12-04T06:56:19.616Z [INFO]: POST /projects/tasks 200 - 186ms
2024-12-04T06:56:19.633Z [INFO]: POST /projects/getProject 200 - 192ms
2024-12-04T07:33:39.100Z [INFO]: POST /projects/getProject 200 - 176ms
2024-12-04T07:33:39.123Z [INFO]: POST /projects/tasks 200 - 191ms
2024-12-04T07:33:39.151Z [INFO]: POST /projects/getProject 200 - 210ms
2024-12-04T07:33:39.176Z [INFO]: POST /projects/tasks 200 - 229ms
2024-12-04T10:38:41.341Z [INFO]: GET /projects/forPM 201 - 133ms
2024-12-04T10:38:41.441Z [INFO]: GET /projects/forPM 201 - 88ms
2024-12-04T10:38:41.533Z [INFO]: GET /projects/forPM 201 - 84ms
2024-12-04T10:38:41.576Z [INFO]: POST /projects/tasks 200 - 177ms
2024-12-04T10:38:41.606Z [INFO]: POST /projects/tasks 200 - 139ms
2024-12-04T10:38:41.773Z [INFO]: POST /projects/tasks 200 - 230ms
2024-12-04T10:38:41.803Z [INFO]: POST /projects/tasks 200 - 217ms
2024-12-04T10:38:41.860Z [INFO]: POST /projects/tasks 200 - 238ms
2024-12-04T10:38:41.969Z [INFO]: POST /projects/tasks 200 - 163ms
2024-12-04T10:38:41.986Z [INFO]: POST /projects/tasks 200 - 170ms
2024-12-04T10:38:42.042Z [INFO]: POST /projects/tasks 200 - 171ms
2024-12-04T10:38:42.198Z [INFO]: POST /projects/tasks 200 - 194ms
2024-12-04T10:38:42.212Z [INFO]: POST /projects/tasks 200 - 219ms
2024-12-04T10:38:42.223Z [INFO]: POST /projects/tasks 200 - 169ms
2024-12-04T10:38:42.413Z [INFO]: POST /projects/tasks 200 - 168ms
2024-12-04T10:38:42.425Z [INFO]: POST /projects/tasks 200 - 186ms
2024-12-04T10:38:42.435Z [INFO]: POST /projects/tasks 200 - 206ms
2024-12-04T10:38:42.609Z [INFO]: POST /projects/tasks 200 - 170ms
2024-12-04T10:38:48.179Z [INFO]: GET /projects/forPM 201 - 94ms
2024-12-04T10:38:48.291Z [INFO]: GET /projects/forPM 201 - 102ms
2024-12-04T10:39:00.578Z [INFO]: POST /projects/tasks 200 - 140ms
2024-12-04T10:39:00.621Z [INFO]: POST /projects/getProject 200 - 174ms
2024-12-04T10:39:00.985Z [INFO]: POST /projects/tasks 200 - 529ms
2024-12-04T10:39:01.223Z [INFO]: POST /projects/getProject 200 - 807ms
2024-12-04T10:39:51.306Z [INFO]: POST /projects/tasks/new 200 - 133ms
2024-12-04T10:41:53.529Z [INFO]: POST /projects/tasks/new 200 - 80ms
2024-12-04T10:44:02.144Z [INFO]: POST /projects/getProject 200 - 123ms
2024-12-04T10:44:02.192Z [INFO]: POST /projects/tasks 200 - 148ms
2024-12-04T10:44:02.207Z [INFO]: POST /projects/tasks 200 - 154ms
2024-12-04T10:44:02.602Z [INFO]: POST /projects/getProject 200 - 564ms
2024-12-04T10:44:23.774Z [INFO]: POST /projects/tasks/new 200 - 94ms
2024-12-04T10:46:07.606Z [INFO]: POST /projects/tasks/new 200 - 87ms
2024-12-04T10:47:44.496Z [INFO]: POST /projects/getProject 200 - 121ms
2024-12-04T10:47:44.529Z [INFO]: POST /projects/tasks 200 - 145ms
2024-12-04T10:47:44.546Z [INFO]: POST /projects/getProject 200 - 137ms
2024-12-04T10:47:44.563Z [INFO]: POST /projects/tasks 200 - 149ms
2024-12-04T10:48:05.096Z [INFO]: POST /projects/tasks/new 200 - 67ms
2024-12-04T10:49:40.893Z [INFO]: POST /projects/tasks/new 200 - 86ms
2024-12-04T10:52:03.969Z [INFO]: POST /projects/tasks/new 200 - 60ms
2024-12-04T11:08:46.412Z [INFO]: POST /projects/getProject 200 - 258ms
2024-12-04T11:08:46.443Z [INFO]: POST /projects/tasks 200 - 278ms
2024-12-04T11:08:46.800Z [INFO]: POST /projects/getProject 200 - 679ms
2024-12-04T11:08:47.184Z [INFO]: POST /projects/tasks 200 - 1003ms
2024-12-04T11:08:52.615Z [INFO]: GET /projects/forPM 201 - 93ms
2024-12-04T11:08:52.726Z [INFO]: GET /projects/forPM 201 - 101ms
2024-12-04T11:18:33.594Z [INFO]: GET /projects/ 201 - 136ms
2024-12-04T11:18:33.714Z [INFO]: GET /projects/ 201 - 114ms
2024-12-04T11:18:33.794Z [INFO]: POST /projects/tasks 200 - 179ms
2024-12-04T11:18:33.890Z [INFO]: GET /projects/ 201 - 166ms
2024-12-04T11:18:33.968Z [INFO]: POST /projects/tasks 200 - 232ms
2024-12-04T11:18:34.002Z [INFO]: POST /projects/tasks 200 - 198ms
2024-12-04T11:18:34.101Z [INFO]: POST /projects/tasks 200 - 192ms
2024-12-04T11:18:34.194Z [INFO]: POST /projects/tasks 200 - 169ms
2024-12-04T11:18:34.217Z [INFO]: POST /projects/tasks 200 - 202ms
2024-12-04T11:18:34.299Z [INFO]: POST /projects/tasks 200 - 182ms
2024-12-04T11:18:34.388Z [INFO]: POST /projects/tasks 200 - 159ms
2024-12-04T11:18:34.450Z [INFO]: POST /projects/tasks 200 - 213ms
2024-12-04T11:18:34.484Z [INFO]: POST /projects/tasks 200 - 175ms
2024-12-04T11:18:34.581Z [INFO]: POST /projects/tasks 200 - 181ms
2024-12-04T11:18:34.675Z [INFO]: POST /projects/tasks 200 - 214ms
2024-12-04T11:18:34.692Z [INFO]: POST /projects/tasks 200 - 198ms
2024-12-04T11:18:34.809Z [INFO]: POST /projects/tasks 200 - 219ms
2024-12-04T11:18:34.886Z [INFO]: POST /projects/tasks 200 - 178ms
2024-12-04T11:18:34.901Z [INFO]: POST /projects/tasks 200 - 201ms
2024-12-04T11:18:35.000Z [INFO]: POST /projects/tasks 200 - 180ms
2024-12-04T11:18:35.103Z [INFO]: POST /projects/tasks 200 - 199ms
2024-12-04T11:18:35.107Z [INFO]: POST /projects/tasks 200 - 97ms
2024-12-04T11:18:35.370Z [INFO]: POST /projects/tasks 200 - 254ms
2024-12-04T11:18:35.395Z [INFO]: POST /projects/tasks 200 - 480ms
2024-12-04T11:18:35.819Z [INFO]: POST /projects/tasks 200 - 437ms
2024-12-04T11:18:35.908Z [INFO]: POST /projects/tasks 200 - 503ms
2024-12-04T11:18:36.001Z [INFO]: POST /projects/tasks 200 - 82ms
2024-12-04T11:23:02.681Z [INFO]: GET /projects/forPM 201 - 110ms
2024-12-04T11:23:02.768Z [INFO]: GET /projects/forPM 201 - 77ms
2024-12-04T11:23:31.594Z [INFO]: POST /projects/getProject 200 - 190ms
2024-12-04T11:23:31.609Z [INFO]: POST /projects/tasks 200 - 182ms
2024-12-04T11:23:31.632Z [INFO]: POST /projects/tasks 200 - 215ms
2024-12-04T11:23:32.085Z [INFO]: POST /projects/getProject 200 - 661ms
2024-12-04T11:23:55.164Z [INFO]: POST /projects/tasks/new 200 - 121ms
2024-12-04T11:32:26.126Z [INFO]: POST /projects/getProject 200 - 174ms
2024-12-04T11:32:26.136Z [INFO]: POST /projects/tasks 200 - 173ms
2024-12-04T11:32:26.150Z [INFO]: POST /projects/getProject 200 - 192ms
2024-12-04T11:32:26.160Z [INFO]: POST /projects/tasks 200 - 188ms
2024-12-04T11:32:55.131Z [INFO]: POST /projects/tasks/new 200 - 325ms
2024-12-04T11:34:09.134Z [INFO]: POST /projects/tasks/new 200 - 64ms
2024-12-04T11:35:06.165Z [INFO]: POST /projects/getProject 200 - 414ms
2024-12-04T11:35:06.178Z [INFO]: POST /projects/getProject 200 - 431ms
2024-12-04T11:35:06.189Z [INFO]: POST /projects/tasks 200 - 426ms
2024-12-04T11:35:06.199Z [INFO]: POST /projects/tasks 200 - 445ms
2024-12-04T11:35:26.694Z [INFO]: POST /projects/tasks/new 200 - 133ms
2024-12-04T11:36:30.424Z [INFO]: POST /projects/getProject 200 - 381ms
2024-12-04T11:36:30.435Z [INFO]: POST /projects/tasks 200 - 368ms
2024-12-04T11:36:30.447Z [INFO]: POST /projects/getProject 200 - 383ms
2024-12-04T11:36:30.516Z [INFO]: POST /projects/tasks 200 - 465ms
2024-12-04T11:36:51.439Z [INFO]: POST /projects/tasks/new 200 - 99ms
2024-12-04T11:50:09.895Z [INFO]: POST /projects/tasks/new 401 - 2ms
2024-12-04T11:50:10.020Z [INFO]: POST /projects/tasks/new 200 - 81ms
2024-12-04T11:56:07.048Z [INFO]: GET /projects/forPM 201 - 138ms
2024-12-04T11:56:07.154Z [INFO]: GET /projects/forPM 201 - 98ms
2024-12-04T11:56:07.246Z [INFO]: POST /projects/tasks 200 - 172ms
2024-12-04T11:56:07.275Z [INFO]: GET /projects/forPM 201 - 113ms
2024-12-04T11:56:07.344Z [INFO]: POST /projects/tasks 200 - 164ms
2024-12-04T11:56:07.453Z [INFO]: POST /projects/tasks 200 - 172ms
2024-12-04T11:56:07.490Z [INFO]: POST /projects/tasks 200 - 196ms
2024-12-04T11:56:07.611Z [INFO]: POST /projects/tasks 200 - 243ms
2024-12-04T11:56:07.725Z [INFO]: POST /projects/tasks 200 - 216ms
2024-12-04T11:56:07.760Z [INFO]: POST /projects/tasks 200 - 239ms
2024-12-04T11:56:07.849Z [INFO]: POST /projects/tasks 200 - 223ms
2024-12-04T11:56:07.917Z [INFO]: POST /projects/tasks 200 - 150ms
2024-12-04T11:56:07.940Z [INFO]: POST /projects/tasks 200 - 163ms
2024-12-04T11:56:07.990Z [INFO]: POST /projects/tasks 200 - 129ms
2024-12-04T11:56:08.142Z [INFO]: POST /projects/tasks 200 - 198ms
2024-12-04T11:56:08.158Z [INFO]: POST /projects/tasks 200 - 202ms
2024-12-04T11:56:08.196Z [INFO]: POST /projects/tasks 200 - 198ms
2024-12-04T11:56:08.364Z [INFO]: POST /projects/tasks 200 - 165ms
2024-12-04T11:56:14.535Z [INFO]: GET /projects/forPM 201 - 101ms
2024-12-04T11:56:14.645Z [INFO]: GET /projects/forPM 201 - 101ms
2024-12-04T11:56:20.419Z [INFO]: POST /projects/getProject 200 - 148ms
2024-12-04T11:56:20.448Z [INFO]: POST /projects/tasks 200 - 171ms
2024-12-04T11:56:20.479Z [INFO]: POST /projects/tasks 200 - 190ms
2024-12-04T11:56:20.495Z [INFO]: POST /projects/getProject 200 - 209ms
2024-12-04T11:57:13.483Z [INFO]: POST /projects/team/add 200 - 284ms
2024-12-04T11:57:30.543Z [INFO]: POST /projects/tasks/new 200 - 96ms
