2024-12-06T03:17:38.622Z [INFO]: GET /chats/allChat 304 - 304ms
2024-12-06T03:17:38.750Z [INFO]: GET /chats/allChat 304 - 109ms
2024-12-06T03:17:44.877Z [INFO]: POST /chats/getMessages 200 - 417ms
2024-12-06T03:19:38.534Z [INFO]: POST /chats/getMessages 200 - 113ms
2024-12-06T03:24:11.849Z [INFO]: GET /chats/allChat 304 - 118ms
2024-12-06T03:24:11.989Z [INFO]: GET /chats/allChat 304 - 123ms
2024-12-06T03:25:06.879Z [INFO]: POST /chats/getMessages 200 - 152ms
2024-12-06T03:27:49.663Z [INFO]: GET /chats/allChat 304 - 142ms
2024-12-06T03:27:49.806Z [INFO]: GET /chats/allChat 304 - 132ms
2024-12-06T03:28:23.739Z [INFO]: GET /chats/allChat 304 - 130ms
2024-12-06T03:28:23.903Z [INFO]: GET /chats/allChat 304 - 145ms
2024-12-06T03:28:25.453Z [INFO]: POST /chats/getMessages 200 - 178ms
2024-12-06T03:40:01.561Z [INFO]: GET /chats/allChat 304 - 522ms
2024-12-06T03:40:02.113Z [INFO]: GET /chats/allChat 304 - 517ms
2024-12-06T03:45:32.776Z [INFO]: GET /chats/allChat 304 - 135ms
2024-12-06T03:45:32.921Z [INFO]: GET /chats/allChat 304 - 131ms
2024-12-06T03:45:47.174Z [INFO]: POST /chats/getMessages 200 - 323ms
2024-12-06T03:47:04.614Z [INFO]: GET /chats/allChat 304 - 225ms
2024-12-06T03:47:04.839Z [INFO]: GET /chats/allChat 304 - 171ms
2024-12-06T03:47:31.469Z [INFO]: GET /chats/allChat 304 - 221ms
2024-12-06T03:47:31.666Z [INFO]: GET /chats/allChat 304 - 186ms
2024-12-06T03:47:33.769Z [INFO]: POST /chats/getMessages 200 - 228ms
2024-12-06T03:59:00.336Z [INFO]: GET /chats/allChat 304 - 534ms
2024-12-06T03:59:00.683Z [INFO]: GET /chats/allChat 304 - 339ms
2024-12-06T04:05:07.283Z [INFO]: GET /chats/allChat 304 - 5691ms
2024-12-06T04:05:08.019Z [INFO]: GET /chats/allChat 304 - 727ms
2024-12-06T04:05:21.622Z [INFO]: GET /chats/allChat 304 - 515ms
2024-12-06T04:05:22.291Z [INFO]: GET /chats/allChat 304 - 662ms
2024-12-06T04:26:11.272Z [INFO]: POST /chats/getMessages 401 - 33ms
2024-12-06T04:26:11.590Z [INFO]: POST /chats/getMessages 200 - 266ms
2024-12-06T04:26:19.946Z [INFO]: GET /chats/allChat 304 - 613ms
2024-12-06T04:26:20.430Z [INFO]: GET /chats/allChat 304 - 473ms
2024-12-06T04:26:27.477Z [INFO]: GET /chats/allChat 304 - 502ms
2024-12-06T04:26:29.282Z [INFO]: GET /chats/allChat 304 - 1796ms
2024-12-06T04:26:41.289Z [INFO]: POST /chats/getMessages 200 - 1505ms
2024-12-06T04:27:56.132Z [INFO]: POST /chats/sendMessage 201 - 2751ms
2024-12-06T04:44:29.511Z [INFO]: GET /chats/allChat 500 - 30066ms
2024-12-06T04:44:36.271Z [INFO]: GET /chats/allChat 500 - 30028ms
2024-12-06T04:44:56.283Z [INFO]: GET /chats/allChat 500 - 30028ms
2024-12-06T04:56:43.311Z [INFO]: GET /chats/allChat 200 - 213ms
2024-12-06T04:56:43.503Z [INFO]: GET /chats/allChat 304 - 183ms
2024-12-06T04:56:55.430Z [INFO]: POST /chats/getMessages 200 - 248ms
2024-12-06T04:57:24.581Z [INFO]: POST /chats/sendMessage 201 - 355ms
2024-12-06T04:58:22.936Z [INFO]: GET /chats/allChat 200 - 145ms
2024-12-06T04:58:23.160Z [INFO]: GET /chats/allChat 304 - 169ms
2024-12-06T04:58:25.660Z [INFO]: POST /chats/getMessages 200 - 216ms
2024-12-06T05:00:14.671Z [INFO]: GET /chats/allChat 304 - 187ms
2024-12-06T05:00:14.883Z [INFO]: GET /chats/allChat 304 - 193ms
2024-12-06T05:00:16.839Z [INFO]: POST /chats/getMessages 200 - 263ms
2024-12-06T05:02:48.069Z [INFO]: GET /chats/allChat 304 - 190ms
2024-12-06T05:02:48.259Z [INFO]: GET /chats/allChat 304 - 172ms
2024-12-06T05:02:54.112Z [INFO]: POST /chats/getMessages 200 - 227ms
2024-12-06T05:05:33.662Z [INFO]: GET /chats/allChat 304 - 122ms
2024-12-06T05:05:33.800Z [INFO]: GET /chats/allChat 304 - 128ms
2024-12-06T05:05:44.870Z [INFO]: POST /chats/getMessages 200 - 177ms
2024-12-06T05:08:39.842Z [INFO]: GET /chats/allChat 304 - 129ms
2024-12-06T05:08:39.983Z [INFO]: GET /chats/allChat 304 - 131ms
2024-12-06T05:11:27.998Z [INFO]: POST /chats/getMessages 200 - 181ms
2024-12-06T05:14:43.682Z [INFO]: GET /chats/allChat 304 - 174ms
2024-12-06T05:14:43.851Z [INFO]: GET /chats/allChat 304 - 157ms
2024-12-06T05:14:48.080Z [INFO]: GET /chats/allChat 304 - 153ms
2024-12-06T05:14:48.245Z [INFO]: GET /chats/allChat 304 - 153ms
2024-12-06T05:17:45.073Z [INFO]: POST /chats/getMessages 200 - 199ms
2024-12-06T05:18:55.474Z [INFO]: GET /chats/allChat 200 - 210ms
2024-12-06T05:18:55.710Z [INFO]: GET /chats/allChat 304 - 229ms
2024-12-06T05:19:15.188Z [INFO]: POST /chats/getMessages 200 - 209ms
2024-12-06T05:19:52.529Z [INFO]: POST /chats/sendMessage 201 - 310ms
<<<<<<< Updated upstream
=======
2024-12-06T06:24:26.857Z [INFO]: GET /chats/allChat 401 - 13ms
2024-12-06T06:24:26.874Z [INFO]: GET /chats/allChat 401 - 7ms
2024-12-06T06:24:27.310Z [INFO]: GET /chats/allChat 200 - 327ms
2024-12-06T06:24:27.692Z [INFO]: GET /chats/allChat 304 - 373ms
>>>>>>> Stashed changes
2024-12-06T06:41:49.522Z [INFO]: GET /chats/allChat 304 - 296ms
2024-12-06T06:41:52.212Z [INFO]: POST /chats/getMessages 200 - 281ms
2024-12-06T06:41:56.540Z [INFO]: POST /chats/getMessages 200 - 168ms
2024-12-06T06:42:00.667Z [INFO]: POST /chats/getMessages 200 - 560ms
2024-12-06T06:42:11.864Z [INFO]: POST /chats/sendMessage 201 - 1480ms
2024-12-06T06:42:17.660Z [INFO]: GET /chats/allChat 200 - 1128ms
2024-12-06T06:42:24.143Z [INFO]: POST /chats/getMessages 200 - 2166ms
2024-12-06T06:42:26.511Z [INFO]: POST /chats/getMessages 200 - 384ms
2024-12-06T06:42:38.026Z [INFO]: POST /chats/getMessages 200 - 8563ms
2024-12-06T06:42:52.926Z [INFO]: GET /chats/allChat 304 - 390ms
2024-12-06T06:45:11.449Z [INFO]: GET /chats/allChat 200 - 765ms
2024-12-06T06:45:15.075Z [INFO]: POST /chats/getMessages 200 - 409ms
2024-12-06T06:45:56.133Z [INFO]: GET /chats/allChat 304 - 734ms
2024-12-06T06:46:06.585Z [INFO]: GET /chats/allChat 304 - 443ms
2024-12-06T06:46:17.440Z [INFO]: GET /chats/allChat 304 - 492ms
2024-12-06T06:46:31.598Z [INFO]: GET /chats/allChat 304 - 546ms
2024-12-06T06:46:35.406Z [INFO]: POST /chats/getMessages 200 - 417ms
2024-12-06T06:46:49.041Z [INFO]: POST /chats/getMessages 200 - 842ms
